This file contains any messages produced by compilers while
running configure, to aid debugging if configure makes a mistake.

It was created by libuv configure 1.8.0, which was
generated by GNU Autoconf 2.69.  Invocation command line was

  $ ./configure 

## --------- ##
## Platform. ##
## --------- ##

hostname = localhost.localdomain
uname -m = x86_64
uname -r = 3.10.0-327.el7.x86_64
uname -s = Linux
uname -v = #1 SMP Thu Nov 19 22:10:57 UTC 2015

/usr/bin/uname -p = x86_64
/bin/uname -X     = unknown

/bin/arch              = x86_64
/usr/bin/arch -k       = unknown
/usr/convex/getsysinfo = unknown
/usr/bin/hostinfo      = unknown
/bin/machine           = unknown
/usr/bin/oslevel       = unknown
/bin/universe          = unknown

PATH: /usr/lib64/qt-3.3/bin
PATH: /usr/local/bin
PATH: /usr/bin
PATH: /usr/local/sbin
PATH: /usr/sbin
PATH: /home/sunjiwen/.local/bin
PATH: /home/sunjiwen/bin


## ----------- ##
## Core tests. ##
## ----------- ##

configure:2335: checking for a BSD-compatible install
configure:2403: result: /usr/bin/install -c
configure:2414: checking whether build environment is sane
configure:2469: result: yes
configure:2620: checking for a thread-safe mkdir -p
configure:2659: result: /usr/bin/mkdir -p
configure:2666: checking for gawk
configure:2682: found /usr/bin/gawk
configure:2693: result: gawk
configure:2704: checking whether make sets $(MAKE)
configure:2726: result: yes
configure:2755: checking whether make supports nested variables
configure:2772: result: yes
configure:2860: checking build system type
configure:2874: result: x86_64-unknown-linux-gnu
configure:2894: checking host system type
configure:2907: result: x86_64-unknown-linux-gnu
configure:3037: checking for gcc
configure:3053: found /usr/bin/gcc
configure:3064: result: gcc
configure:3293: checking for C compiler version
configure:3302: gcc --version >&5
gcc (GCC) 4.8.5 20150623 (Red Hat 4.8.5-4)
Copyright (C) 2015 Free Software Foundation, Inc.
This is free software; see the source for copying conditions.  There is NO
warranty; not even for MERCHANTABILITY or FITNESS FOR A PARTICULAR PURPOSE.

configure:3313: $? = 0
configure:3302: gcc -v >&5
Using built-in specs.
COLLECT_GCC=gcc
COLLECT_LTO_WRAPPER=/usr/libexec/gcc/x86_64-redhat-linux/4.8.5/lto-wrapper
Target: x86_64-redhat-linux
Configured with: ../configure --prefix=/usr --mandir=/usr/share/man --infodir=/usr/share/info --with-bugurl=http://bugzilla.redhat.com/bugzilla --enable-bootstrap --enable-shared --enable-threads=posix --enable-checking=release --with-system-zlib --enable-__cxa_atexit --disable-libunwind-exceptions --enable-gnu-unique-object --enable-linker-build-id --with-linker-hash-style=gnu --enable-languages=c,c++,objc,obj-c++,java,fortran,ada,go,lto --enable-plugin --enable-initfini-array --disable-libgcj --with-isl=/builddir/build/BUILD/gcc-4.8.5-20150702/obj-x86_64-redhat-linux/isl-install --with-cloog=/builddir/build/BUILD/gcc-4.8.5-20150702/obj-x86_64-redhat-linux/cloog-install --enable-gnu-indirect-function --with-tune=generic --with-arch_32=x86-64 --build=x86_64-redhat-linux
Thread model: posix
gcc version 4.8.5 20150623 (Red Hat 4.8.5-4) (GCC) 
configure:3313: $? = 0
configure:3302: gcc -V >&5
gcc: error: unrecognized command line option '-V'
gcc: fatal error: no input files
compilation terminated.
configure:3313: $? = 4
configure:3302: gcc -qversion >&5
gcc: error: unrecognized command line option '-qversion'
gcc: fatal error: no input files
compilation terminated.
configure:3313: $? = 4
configure:3333: checking whether the C compiler works
configure:3355: gcc    conftest.c  >&5
configure:3359: $? = 0
configure:3407: result: yes
configure:3410: checking for C compiler default output file name
configure:3412: result: a.out
configure:3418: checking for suffix of executables
configure:3425: gcc -o conftest    conftest.c  >&5
configure:3429: $? = 0
configure:3451: result: 
configure:3473: checking whether we are cross compiling
configure:3481: gcc -o conftest    conftest.c  >&5
configure:3485: $? = 0
configure:3492: ./conftest
configure:3496: $? = 0
configure:3511: result: no
configure:3516: checking for suffix of object files
configure:3538: gcc -c   conftest.c >&5
configure:3542: $? = 0
configure:3563: result: o
configure:3567: checking whether we are using the GNU C compiler
configure:3586: gcc -c   conftest.c >&5
configure:3586: $? = 0
configure:3595: result: yes
configure:3604: checking whether gcc accepts -g
configure:3624: gcc -c -g  conftest.c >&5
configure:3624: $? = 0
configure:3665: result: yes
configure:3682: checking for gcc option to accept ISO C89
configure:3745: gcc  -c -g -O2  conftest.c >&5
configure:3745: $? = 0
configure:3758: result: none needed
configure:3789: checking for style of include used by make
configure:3817: result: GNU
configure:3843: checking dependency style of gcc
configure:3954: result: gcc3
configure:3970: checking whether gcc and cc understand -c and -o together
configure:4001: gcc -c conftest.c -o conftest2.o >&5
configure:4005: $? = 0
configure:4011: gcc -c conftest.c -o conftest2.o >&5
configure:4015: $? = 0
configure:4026: cc -c conftest.c >&5
configure:4030: $? = 0
configure:4038: cc -c conftest.c -o conftest2.o >&5
configure:4042: $? = 0
configure:4048: cc -c conftest.c -o conftest2.o >&5
configure:4052: $? = 0
configure:4070: result: yes
configure:4098: checking if gcc supports -fvisibility=hidden flag
configure:4114: gcc -c -g -O2 -fvisibility=hidden  conftest.c >&5
configure:4114: $? = 0
configure:4131: result: yes
configure:4143: checking if gcc supports -g flag
configure:4158: gcc -c -g -O2 -fvisibility=hidden -g  conftest.c >&5
configure:4158: $? = 0
configure:4175: result: yes
configure:4187: checking if gcc supports -std=gnu89 flag
configure:4202: gcc -c -g -O2 -fvisibility=hidden -g -std=gnu89  conftest.c >&5
configure:4202: $? = 0
configure:4219: result: yes
configure:4231: checking if gcc supports -pedantic flag
configure:4246: gcc -c -g -O2 -fvisibility=hidden -g -std=gnu89 -pedantic  conftest.c >&5
configure:4246: $? = 0
configure:4263: result: yes
configure:4275: checking if gcc supports -Wall flag
configure:4290: gcc -c -g -O2 -fvisibility=hidden -g -std=gnu89 -pedantic -Wall  conftest.c >&5
configure:4290: $? = 0
configure:4307: result: yes
configure:4319: checking if gcc supports -Wextra flag
configure:4334: gcc -c -g -O2 -fvisibility=hidden -g -std=gnu89 -pedantic -Wall -Wextra  conftest.c >&5
configure:4334: $? = 0
configure:4351: result: yes
configure:4363: checking if gcc supports -Wno-unused-parameter flag
configure:4378: gcc -c -g -O2 -fvisibility=hidden -g -std=gnu89 -pedantic -Wall -Wextra -Wno-unused-parameter  conftest.c >&5
configure:4378: $? = 0
configure:4395: result: yes
configure:4454: checking for ar
configure:4470: found /usr/bin/ar
configure:4481: result: ar
configure:4507: checking the archiver (ar) interface
configure:4517: gcc -c -g -O2 -fvisibility=hidden -g -std=gnu89 -pedantic -Wall -Wextra -Wno-unused-parameter  conftest.c >&5
configure:4517: $? = 0
configure:4519: ar cru libconftest.a conftest.o >&5
configure:4522: $? = 0
configure:4545: result: ar
configure:4612: checking how to print strings
configure:4639: result: printf
configure:4660: checking for a sed that does not truncate output
configure:4724: result: /usr/bin/sed
configure:4742: checking for grep that handles long lines and -e
configure:4800: result: /usr/bin/grep
configure:4805: checking for egrep
configure:4867: result: /usr/bin/grep -E
configure:4872: checking for fgrep
configure:4934: result: /usr/bin/grep -F
configure:4969: checking for ld used by gcc
configure:5036: result: /usr/bin/ld
configure:5043: checking if the linker (/usr/bin/ld) is GNU ld
configure:5058: result: yes
configure:5070: checking for BSD- or MS-compatible name lister (nm)
configure:5119: result: /usr/bin/nm -B
configure:5249: checking the name lister (/usr/bin/nm -B) interface
configure:5256: gcc -c -g -O2 -fvisibility=hidden -g -std=gnu89 -pedantic -Wall -Wextra -Wno-unused-parameter  conftest.c >&5
configure:5259: /usr/bin/nm -B "conftest.o"
configure:5262: output
0000000000000000 B some_variable
configure:5269: result: BSD nm
configure:5272: checking whether ln -s works
configure:5276: result: yes
configure:5284: checking the maximum length of command line arguments
configure:5414: result: 1572864
configure:5431: checking whether the shell understands some XSI constructs
configure:5441: result: yes
configure:5445: checking whether the shell understands "+="
configure:5451: result: yes
configure:5486: checking how to convert x86_64-unknown-linux-gnu file names to x86_64-unknown-linux-gnu format
configure:5526: result: func_convert_file_noop
configure:5533: checking how to convert x86_64-unknown-linux-gnu file names to toolchain format
configure:5553: result: func_convert_file_noop
configure:5560: checking for /usr/bin/ld option to reload object files
configure:5567: result: -r
configure:5641: checking for objdump
configure:5657: found /usr/bin/objdump
configure:5668: result: objdump
configure:5700: checking how to recognize dependent libraries
configure:5902: result: pass_all
configure:5987: checking for dlltool
configure:6017: result: no
configure:6047: checking how to associate runtime and link libraries
configure:6074: result: printf %s\n
configure:6198: checking for archiver @FILE support
configure:6215: gcc -c -g -O2 -fvisibility=hidden -g -std=gnu89 -pedantic -Wall -Wextra -Wno-unused-parameter  conftest.c >&5
configure:6215: $? = 0
configure:6218: ar cru libconftest.a @conftest.lst >&5
configure:6221: $? = 0
configure:6226: ar cru libconftest.a @conftest.lst >&5
ar: conftest.o: No such file or directory
configure:6229: $? = 1
configure:6241: result: @
configure:6299: checking for strip
configure:6315: found /usr/bin/strip
configure:6326: result: strip
configure:6398: checking for ranlib
configure:6414: found /usr/bin/ranlib
configure:6425: result: ranlib
configure:6527: checking command to parse /usr/bin/nm -B output from gcc object
configure:6647: gcc -c -g -O2 -fvisibility=hidden -g -std=gnu89 -pedantic -Wall -Wextra -Wno-unused-parameter  conftest.c >&5
configure:6650: $? = 0
configure:6654: /usr/bin/nm -B conftest.o \| sed -n -e 's/^.*[ ]\([ABCDGIRSTW][ABCDGIRSTW]*\)[ ][ ]*\([_A-Za-z][_A-Za-z0-9]*\)$/\1 \2 \2/p' | sed '/ __gnu_lto/d' \> conftest.nm
configure:6657: $? = 0
configure:6723: gcc -o conftest -g -O2 -fvisibility=hidden -g -std=gnu89 -pedantic -Wall -Wextra -Wno-unused-parameter   conftest.c conftstm.o >&5
conftest.c:29:20: warning: ISO C forbids conversion of function pointer to object pointer type [-Wpedantic]
   {"nm_test_func", (void *) &nm_test_func},
                    ^
configure:6726: $? = 0
configure:6764: result: ok
configure:6801: checking for sysroot
configure:6831: result: no
configure:6908: gcc -c -g -O2 -fvisibility=hidden -g -std=gnu89 -pedantic -Wall -Wextra -Wno-unused-parameter  conftest.c >&5
configure:6911: $? = 0
configure:7087: checking for mt
configure:7117: result: no
configure:7137: checking if : is a manifest tool
configure:7143: : '-?'
configure:7151: result: no
configure:7793: checking how to run the C preprocessor
configure:7824: gcc -E  conftest.c
configure:7824: $? = 0
configure:7838: gcc -E  conftest.c
conftest.c:11:28: fatal error: ac_nonexistent.h: No such file or directory
 #include <ac_nonexistent.h>
                            ^
compilation terminated.
configure:7838: $? = 1
configure: failed program was:
| /* confdefs.h */
| #define PACKAGE_NAME "libuv"
| #define PACKAGE_TARNAME "libuv"
| #define PACKAGE_VERSION "1.8.0"
| #define PACKAGE_STRING "libuv 1.8.0"
| #define PACKAGE_BUGREPORT "https://github.com/libuv/libuv/issues"
| #define PACKAGE_URL ""
| #define PACKAGE "libuv"
| #define VERSION "1.8.0"
| /* end confdefs.h.  */
| #include <ac_nonexistent.h>
configure:7863: result: gcc -E
configure:7883: gcc -E  conftest.c
configure:7883: $? = 0
configure:7897: gcc -E  conftest.c
conftest.c:11:28: fatal error: ac_nonexistent.h: No such file or directory
 #include <ac_nonexistent.h>
                            ^
compilation terminated.
configure:7897: $? = 1
configure: failed program was:
| /* confdefs.h */
| #define PACKAGE_NAME "libuv"
| #define PACKAGE_TARNAME "libuv"
| #define PACKAGE_VERSION "1.8.0"
| #define PACKAGE_STRING "libuv 1.8.0"
| #define PACKAGE_BUGREPORT "https://github.com/libuv/libuv/issues"
| #define PACKAGE_URL ""
| #define PACKAGE "libuv"
| #define VERSION "1.8.0"
| /* end confdefs.h.  */
| #include <ac_nonexistent.h>
configure:7926: checking for ANSI C header files
configure:7946: gcc -c -g -O2 -fvisibility=hidden -g -std=gnu89 -pedantic -Wall -Wextra -Wno-unused-parameter  conftest.c >&5
configure:7946: $? = 0
configure:8019: gcc -o conftest -g -O2 -fvisibility=hidden -g -std=gnu89 -pedantic -Wall -Wextra -Wno-unused-parameter   conftest.c  >&5
configure:8019: $? = 0
configure:8019: ./conftest
configure:8019: $? = 0
configure:8030: result: yes
configure:8043: checking for sys/types.h
configure:8043: gcc -c -g -O2 -fvisibility=hidden -g -std=gnu89 -pedantic -Wall -Wextra -Wno-unused-parameter  conftest.c >&5
configure:8043: $? = 0
configure:8043: result: yes
configure:8043: checking for sys/stat.h
configure:8043: gcc -c -g -O2 -fvisibility=hidden -g -std=gnu89 -pedantic -Wall -Wextra -Wno-unused-parameter  conftest.c >&5
configure:8043: $? = 0
configure:8043: result: yes
configure:8043: checking for stdlib.h
configure:8043: gcc -c -g -O2 -fvisibility=hidden -g -std=gnu89 -pedantic -Wall -Wextra -Wno-unused-parameter  conftest.c >&5
configure:8043: $? = 0
configure:8043: result: yes
configure:8043: checking for string.h
configure:8043: gcc -c -g -O2 -fvisibility=hidden -g -std=gnu89 -pedantic -Wall -Wextra -Wno-unused-parameter  conftest.c >&5
configure:8043: $? = 0
configure:8043: result: yes
configure:8043: checking for memory.h
configure:8043: gcc -c -g -O2 -fvisibility=hidden -g -std=gnu89 -pedantic -Wall -Wextra -Wno-unused-parameter  conftest.c >&5
configure:8043: $? = 0
configure:8043: result: yes
configure:8043: checking for strings.h
configure:8043: gcc -c -g -O2 -fvisibility=hidden -g -std=gnu89 -pedantic -Wall -Wextra -Wno-unused-parameter  conftest.c >&5
configure:8043: $? = 0
configure:8043: result: yes
configure:8043: checking for inttypes.h
configure:8043: gcc -c -g -O2 -fvisibility=hidden -g -std=gnu89 -pedantic -Wall -Wextra -Wno-unused-parameter  conftest.c >&5
configure:8043: $? = 0
configure:8043: result: yes
configure:8043: checking for stdint.h
configure:8043: gcc -c -g -O2 -fvisibility=hidden -g -std=gnu89 -pedantic -Wall -Wextra -Wno-unused-parameter  conftest.c >&5
configure:8043: $? = 0
configure:8043: result: yes
configure:8043: checking for unistd.h
configure:8043: gcc -c -g -O2 -fvisibility=hidden -g -std=gnu89 -pedantic -Wall -Wextra -Wno-unused-parameter  conftest.c >&5
configure:8043: $? = 0
configure:8043: result: yes
configure:8057: checking for dlfcn.h
configure:8057: gcc -c -g -O2 -fvisibility=hidden -g -std=gnu89 -pedantic -Wall -Wextra -Wno-unused-parameter  conftest.c >&5
configure:8057: $? = 0
configure:8057: result: yes
configure:8203: checking for objdir
configure:8218: result: .libs
configure:8489: checking if gcc supports -fno-rtti -fno-exceptions
configure:8507: gcc -c -g -O2 -fvisibility=hidden -g -std=gnu89 -pedantic -Wall -Wextra -Wno-unused-parameter  -fno-rtti -fno-exceptions conftest.c >&5
cc1: warning: command line option '-fno-rtti' is valid for C++/ObjC++ but not for C [enabled by default]
configure:8511: $? = 0
configure:8524: result: no
configure:8851: checking for gcc option to produce PIC
configure:8858: result: -fPIC -DPIC
configure:8866: checking if gcc PIC flag -fPIC -DPIC works
configure:8884: gcc -c -g -O2 -fvisibility=hidden -g -std=gnu89 -pedantic -Wall -Wextra -Wno-unused-parameter  -fPIC -DPIC -DPIC conftest.c >&5
configure:8888: $? = 0
configure:8901: result: yes
configure:8930: checking if gcc static flag -static works
configure:8958: result: yes
configure:8973: checking if gcc supports -c -o file.o
configure:8994: gcc -c -g -O2 -fvisibility=hidden -g -std=gnu89 -pedantic -Wall -Wextra -Wno-unused-parameter  -o out/conftest2.o conftest.c >&5
configure:8998: $? = 0
configure:9020: result: yes
configure:9028: checking if gcc supports -c -o file.o
configure:9075: result: yes
configure:9108: checking whether the gcc linker (/usr/bin/ld -m elf_x86_64) supports shared libraries
configure:10261: result: yes
configure:10298: checking whether -lc should be explicitly linked in
configure:10306: gcc -c -g -O2 -fvisibility=hidden -g -std=gnu89 -pedantic -Wall -Wextra -Wno-unused-parameter  conftest.c >&5
configure:10309: $? = 0
configure:10324: gcc -shared  -fPIC -DPIC conftest.o  -v -Wl,-soname -Wl,conftest -o conftest 2\>\&1 \| /usr/bin/grep  -lc  \>/dev/null 2\>\&1
configure:10327: $? = 0
configure:10341: result: no
configure:10501: checking dynamic linker characteristics
configure:11012: gcc -o conftest -g -O2 -fvisibility=hidden -g -std=gnu89 -pedantic -Wall -Wextra -Wno-unused-parameter   -Wl,-rpath -Wl,/foo conftest.c  >&5
configure:11012: $? = 0
configure:11238: result: GNU/Linux ld.so
configure:11345: checking how to hardcode library paths into programs
configure:11370: result: immediate
configure:11910: checking whether stripping libraries is possible
configure:11915: result: yes
configure:11950: checking if libtool supports shared libraries
configure:11952: result: yes
configure:11955: checking whether to build shared libraries
configure:11976: result: yes
configure:11979: checking whether to build static libraries
configure:11983: result: yes
configure:12031: checking whether make supports nested variables
configure:12048: result: yes
configure:12061: checking for dlopen in -ldl
configure:12086: gcc -o conftest -g -O2 -fvisibility=hidden -g -std=gnu89 -pedantic -Wall -Wextra -Wno-unused-parameter   conftest.c -ldl   >&5
configure:12086: $? = 0
configure:12095: result: yes
configure:12106: checking for kstat_lookup in -lkstat
configure:12131: gcc -o conftest -g -O2 -fvisibility=hidden -g -std=gnu89 -pedantic -Wall -Wextra -Wno-unused-parameter   conftest.c -lkstat  -ldl  >&5
/usr/bin/ld: cannot find -lkstat
collect2: error: ld returned 1 exit status
configure:12131: $? = 1
configure: failed program was:
| /* confdefs.h */
| #define PACKAGE_NAME "libuv"
| #define PACKAGE_TARNAME "libuv"
| #define PACKAGE_VERSION "1.8.0"
| #define PACKAGE_STRING "libuv 1.8.0"
| #define PACKAGE_BUGREPORT "https://github.com/libuv/libuv/issues"
| #define PACKAGE_URL ""
| #define PACKAGE "libuv"
| #define VERSION "1.8.0"
| #define STDC_HEADERS 1
| #define HAVE_SYS_TYPES_H 1
| #define HAVE_SYS_STAT_H 1
| #define HAVE_STDLIB_H 1
| #define HAVE_STRING_H 1
| #define HAVE_MEMORY_H 1
| #define HAVE_STRINGS_H 1
| #define HAVE_INTTYPES_H 1
| #define HAVE_STDINT_H 1
| #define HAVE_UNISTD_H 1
| #define HAVE_DLFCN_H 1
| #define LT_OBJDIR ".libs/"
| #define HAVE_LIBDL 1
| /* end confdefs.h.  */
| 
| /* Override any GCC internal prototype to avoid an error.
|    Use char because int might match the return type of a GCC
|    builtin and then its argument prototype would still apply.  */
| #ifdef __cplusplus
| extern "C"
| #endif
| char kstat_lookup ();
| int
| main ()
| {
| return kstat_lookup ();
|   ;
|   return 0;
| }
configure:12140: result: no
configure:12151: checking for kvm_open in -lkvm
configure:12176: gcc -o conftest -g -O2 -fvisibility=hidden -g -std=gnu89 -pedantic -Wall -Wextra -Wno-unused-parameter   conftest.c -lkvm  -ldl  >&5
/usr/bin/ld: cannot find -lkvm
collect2: error: ld returned 1 exit status
configure:12176: $? = 1
configure: failed program was:
| /* confdefs.h */
| #define PACKAGE_NAME "libuv"
| #define PACKAGE_TARNAME "libuv"
| #define PACKAGE_VERSION "1.8.0"
| #define PACKAGE_STRING "libuv 1.8.0"
| #define PACKAGE_BUGREPORT "https://github.com/libuv/libuv/issues"
| #define PACKAGE_URL ""
| #define PACKAGE "libuv"
| #define VERSION "1.8.0"
| #define STDC_HEADERS 1
| #define HAVE_SYS_TYPES_H 1
| #define HAVE_SYS_STAT_H 1
| #define HAVE_STDLIB_H 1
| #define HAVE_STRING_H 1
| #define HAVE_MEMORY_H 1
| #define HAVE_STRINGS_H 1
| #define HAVE_INTTYPES_H 1
| #define HAVE_STDINT_H 1
| #define HAVE_UNISTD_H 1
| #define HAVE_DLFCN_H 1
| #define LT_OBJDIR ".libs/"
| #define HAVE_LIBDL 1
| /* end confdefs.h.  */
| 
| /* Override any GCC internal prototype to avoid an error.
|    Use char because int might match the return type of a GCC
|    builtin and then its argument prototype would still apply.  */
| #ifdef __cplusplus
| extern "C"
| #endif
| char kvm_open ();
| int
| main ()
| {
| return kvm_open ();
|   ;
|   return 0;
| }
configure:12185: result: no
configure:12196: checking for gethostbyname in -lnsl
configure:12221: gcc -o conftest -g -O2 -fvisibility=hidden -g -std=gnu89 -pedantic -Wall -Wextra -Wno-unused-parameter   conftest.c -lnsl  -ldl  >&5
configure:12221: $? = 0
configure:12230: result: yes
configure:12241: checking for perfstat_cpu in -lperfstat
configure:12266: gcc -o conftest -g -O2 -fvisibility=hidden -g -std=gnu89 -pedantic -Wall -Wextra -Wno-unused-parameter   conftest.c -lperfstat  -lnsl -ldl  >&5
/usr/bin/ld: cannot find -lperfstat
collect2: error: ld returned 1 exit status
configure:12266: $? = 1
configure: failed program was:
| /* confdefs.h */
| #define PACKAGE_NAME "libuv"
| #define PACKAGE_TARNAME "libuv"
| #define PACKAGE_VERSION "1.8.0"
| #define PACKAGE_STRING "libuv 1.8.0"
| #define PACKAGE_BUGREPORT "https://github.com/libuv/libuv/issues"
| #define PACKAGE_URL ""
| #define PACKAGE "libuv"
| #define VERSION "1.8.0"
| #define STDC_HEADERS 1
| #define HAVE_SYS_TYPES_H 1
| #define HAVE_SYS_STAT_H 1
| #define HAVE_STDLIB_H 1
| #define HAVE_STRING_H 1
| #define HAVE_MEMORY_H 1
| #define HAVE_STRINGS_H 1
| #define HAVE_INTTYPES_H 1
| #define HAVE_STDINT_H 1
| #define HAVE_UNISTD_H 1
| #define HAVE_DLFCN_H 1
| #define LT_OBJDIR ".libs/"
| #define HAVE_LIBDL 1
| #define HAVE_LIBNSL 1
| /* end confdefs.h.  */
| 
| /* Override any GCC internal prototype to avoid an error.
|    Use char because int might match the return type of a GCC
|    builtin and then its argument prototype would still apply.  */
| #ifdef __cplusplus
| extern "C"
| #endif
| char perfstat_cpu ();
| int
| main ()
| {
| return perfstat_cpu ();
|   ;
|   return 0;
| }
configure:12275: result: no
configure:12286: checking for pthread_mutex_init in -lpthread
configure:12311: gcc -o conftest -g -O2 -fvisibility=hidden -g -std=gnu89 -pedantic -Wall -Wextra -Wno-unused-parameter   conftest.c -lpthread  -lnsl -ldl  >&5
configure:12311: $? = 0
configure:12320: result: yes
configure:12331: checking for clock_gettime in -lrt
configure:12356: gcc -o conftest -g -O2 -fvisibility=hidden -g -std=gnu89 -pedantic -Wall -Wextra -Wno-unused-parameter   conftest.c -lrt  -lpthread -lnsl -ldl  >&5
configure:12356: $? = 0
configure:12365: result: yes
configure:12376: checking for sendfile in -lsendfile
configure:12401: gcc -o conftest -g -O2 -fvisibility=hidden -g -std=gnu89 -pedantic -Wall -Wextra -Wno-unused-parameter   conftest.c -lsendfile  -lrt -lpthread -lnsl -ldl  >&5
/usr/bin/ld: cannot find -lsendfile
collect2: error: ld returned 1 exit status
configure:12401: $? = 1
configure: failed program was:
| /* confdefs.h */
| #define PACKAGE_NAME "libuv"
| #define PACKAGE_TARNAME "libuv"
| #define PACKAGE_VERSION "1.8.0"
| #define PACKAGE_STRING "libuv 1.8.0"
| #define PACKAGE_BUGREPORT "https://github.com/libuv/libuv/issues"
| #define PACKAGE_URL ""
| #define PACKAGE "libuv"
| #define VERSION "1.8.0"
| #define STDC_HEADERS 1
| #define HAVE_SYS_TYPES_H 1
| #define HAVE_SYS_STAT_H 1
| #define HAVE_STDLIB_H 1
| #define HAVE_STRING_H 1
| #define HAVE_MEMORY_H 1
| #define HAVE_STRINGS_H 1
| #define HAVE_INTTYPES_H 1
| #define HAVE_STDINT_H 1
| #define HAVE_UNISTD_H 1
| #define HAVE_DLFCN_H 1
| #define LT_OBJDIR ".libs/"
| #define HAVE_LIBDL 1
| #define HAVE_LIBNSL 1
| #define HAVE_LIBPTHREAD 1
| #define HAVE_LIBRT 1
| /* end confdefs.h.  */
| 
| /* Override any GCC internal prototype to avoid an error.
|    Use char because int might match the return type of a GCC
|    builtin and then its argument prototype would still apply.  */
| #ifdef __cplusplus
| extern "C"
| #endif
| char sendfile ();
| int
| main ()
| {
| return sendfile ();
|   ;
|   return 0;
| }
configure:12410: result: no
configure:12421: checking for socket in -lsocket
configure:12446: gcc -o conftest -g -O2 -fvisibility=hidden -g -std=gnu89 -pedantic -Wall -Wextra -Wno-unused-parameter   conftest.c -lsocket  -lrt -lpthread -lnsl -ldl  >&5
/usr/bin/ld: cannot find -lsocket
collect2: error: ld returned 1 exit status
configure:12446: $? = 1
configure: failed program was:
| /* confdefs.h */
| #define PACKAGE_NAME "libuv"
| #define PACKAGE_TARNAME "libuv"
| #define PACKAGE_VERSION "1.8.0"
| #define PACKAGE_STRING "libuv 1.8.0"
| #define PACKAGE_BUGREPORT "https://github.com/libuv/libuv/issues"
| #define PACKAGE_URL ""
| #define PACKAGE "libuv"
| #define VERSION "1.8.0"
| #define STDC_HEADERS 1
| #define HAVE_SYS_TYPES_H 1
| #define HAVE_SYS_STAT_H 1
| #define HAVE_STDLIB_H 1
| #define HAVE_STRING_H 1
| #define HAVE_MEMORY_H 1
| #define HAVE_STRINGS_H 1
| #define HAVE_INTTYPES_H 1
| #define HAVE_STDINT_H 1
| #define HAVE_UNISTD_H 1
| #define HAVE_DLFCN_H 1
| #define LT_OBJDIR ".libs/"
| #define HAVE_LIBDL 1
| #define HAVE_LIBNSL 1
| #define HAVE_LIBPTHREAD 1
| #define HAVE_LIBRT 1
| /* end confdefs.h.  */
| 
| /* Override any GCC internal prototype to avoid an error.
|    Use char because int might match the return type of a GCC
|    builtin and then its argument prototype would still apply.  */
| #ifdef __cplusplus
| extern "C"
| #endif
| char socket ();
| int
| main ()
| {
| return socket ();
|   ;
|   return 0;
| }
configure:12455: result: no
configure:12473: checking for special C compiler options needed for large files
configure:12518: result: no
configure:12524: checking for _FILE_OFFSET_BITS value needed for large files
configure:12549: gcc -c -g -O2 -fvisibility=hidden -g -std=gnu89 -pedantic -Wall -Wextra -Wno-unused-parameter  conftest.c >&5
configure:12549: $? = 0
configure:12581: result: no
configure:12778: checking sys/ahafs_evProds.h usability
configure:12778: gcc -c -g -O2 -fvisibility=hidden -g -std=gnu89 -pedantic -Wall -Wextra -Wno-unused-parameter  conftest.c >&5
conftest.c:60:31: fatal error: sys/ahafs_evProds.h: No such file or directory
 #include <sys/ahafs_evProds.h>
                               ^
compilation terminated.
configure:12778: $? = 1
configure: failed program was:
| /* confdefs.h */
| #define PACKAGE_NAME "libuv"
| #define PACKAGE_TARNAME "libuv"
| #define PACKAGE_VERSION "1.8.0"
| #define PACKAGE_STRING "libuv 1.8.0"
| #define PACKAGE_BUGREPORT "https://github.com/libuv/libuv/issues"
| #define PACKAGE_URL ""
| #define PACKAGE "libuv"
| #define VERSION "1.8.0"
| #define STDC_HEADERS 1
| #define HAVE_SYS_TYPES_H 1
| #define HAVE_SYS_STAT_H 1
| #define HAVE_STDLIB_H 1
| #define HAVE_STRING_H 1
| #define HAVE_MEMORY_H 1
| #define HAVE_STRINGS_H 1
| #define HAVE_INTTYPES_H 1
| #define HAVE_STDINT_H 1
| #define HAVE_UNISTD_H 1
| #define HAVE_DLFCN_H 1
| #define LT_OBJDIR ".libs/"
| #define HAVE_LIBDL 1
| #define HAVE_LIBNSL 1
| #define HAVE_LIBPTHREAD 1
| #define HAVE_LIBRT 1
| /* end confdefs.h.  */
| #include <stdio.h>
| #ifdef HAVE_SYS_TYPES_H
| # include <sys/types.h>
| #endif
| #ifdef HAVE_SYS_STAT_H
| # include <sys/stat.h>
| #endif
| #ifdef STDC_HEADERS
| # include <stdlib.h>
| # include <stddef.h>
| #else
| # ifdef HAVE_STDLIB_H
| #  include <stdlib.h>
| # endif
| #endif
| #ifdef HAVE_STRING_H
| # if !defined STDC_HEADERS && defined HAVE_MEMORY_H
| #  include <memory.h>
| # endif
| # include <string.h>
| #endif
| #ifdef HAVE_STRINGS_H
| # include <strings.h>
| #endif
| #ifdef HAVE_INTTYPES_H
| # include <inttypes.h>
| #endif
| #ifdef HAVE_STDINT_H
| # include <stdint.h>
| #endif
| #ifdef HAVE_UNISTD_H
| # include <unistd.h>
| #endif
| #include <sys/ahafs_evProds.h>
configure:12778: result: no
configure:12778: checking sys/ahafs_evProds.h presence
configure:12778: gcc -E  conftest.c
conftest.c:27:31: fatal error: sys/ahafs_evProds.h: No such file or directory
 #include <sys/ahafs_evProds.h>
                               ^
compilation terminated.
configure:12778: $? = 1
configure: failed program was:
| /* confdefs.h */
| #define PACKAGE_NAME "libuv"
| #define PACKAGE_TARNAME "libuv"
| #define PACKAGE_VERSION "1.8.0"
| #define PACKAGE_STRING "libuv 1.8.0"
| #define PACKAGE_BUGREPORT "https://github.com/libuv/libuv/issues"
| #define PACKAGE_URL ""
| #define PACKAGE "libuv"
| #define VERSION "1.8.0"
| #define STDC_HEADERS 1
| #define HAVE_SYS_TYPES_H 1
| #define HAVE_SYS_STAT_H 1
| #define HAVE_STDLIB_H 1
| #define HAVE_STRING_H 1
| #define HAVE_MEMORY_H 1
| #define HAVE_STRINGS_H 1
| #define HAVE_INTTYPES_H 1
| #define HAVE_STDINT_H 1
| #define HAVE_UNISTD_H 1
| #define HAVE_DLFCN_H 1
| #define LT_OBJDIR ".libs/"
| #define HAVE_LIBDL 1
| #define HAVE_LIBNSL 1
| #define HAVE_LIBPTHREAD 1
| #define HAVE_LIBRT 1
| /* end confdefs.h.  */
| #include <sys/ahafs_evProds.h>
configure:12778: result: no
configure:12778: checking for sys/ahafs_evProds.h
configure:12778: result: no
configure:12790: checking for pkg-config
configure:12806: found /usr/bin/pkg-config
configure:12817: result: yes
configure:12986: checking that generated files are newer than configure
configure:12992: result: done
configure:13059: creating ./config.status

## ---------------------- ##
## Running config.status. ##
## ---------------------- ##

This file was extended by libuv config.status 1.8.0, which was
generated by GNU Autoconf 2.69.  Invocation command line was

  CONFIG_FILES    = 
  CONFIG_HEADERS  = 
  CONFIG_LINKS    = 
  CONFIG_COMMANDS = 
  $ ./config.status 

on localhost.localdomain

config.status:1024: creating libuv.pc
config.status:1024: creating Makefile
config.status:1196: executing depfiles commands
config.status:1196: executing libtool commands

## ---------------- ##
## Cache variables. ##
## ---------------- ##

ac_cv_build=x86_64-unknown-linux-gnu
ac_cv_c_compiler_gnu=yes
ac_cv_env_CC_set=
ac_cv_env_CC_value=
ac_cv_env_CFLAGS_set=
ac_cv_env_CFLAGS_value=
ac_cv_env_CPPFLAGS_set=
ac_cv_env_CPPFLAGS_value=
ac_cv_env_CPP_set=
ac_cv_env_CPP_value=
ac_cv_env_LDFLAGS_set=
ac_cv_env_LDFLAGS_value=
ac_cv_env_LIBS_set=
ac_cv_env_LIBS_value=
ac_cv_env_build_alias_set=
ac_cv_env_build_alias_value=
ac_cv_env_host_alias_set=
ac_cv_env_host_alias_value=
ac_cv_env_target_alias_set=
ac_cv_env_target_alias_value=
ac_cv_header_dlfcn_h=yes
ac_cv_header_inttypes_h=yes
ac_cv_header_memory_h=yes
ac_cv_header_stdc=yes
ac_cv_header_stdint_h=yes
ac_cv_header_stdlib_h=yes
ac_cv_header_string_h=yes
ac_cv_header_strings_h=yes
ac_cv_header_sys_ahafs_evProds_h=no
ac_cv_header_sys_stat_h=yes
ac_cv_header_sys_types_h=yes
ac_cv_header_unistd_h=yes
ac_cv_host=x86_64-unknown-linux-gnu
ac_cv_lib_dl_dlopen=yes
ac_cv_lib_kstat_kstat_lookup=no
ac_cv_lib_kvm_kvm_open=no
ac_cv_lib_nsl_gethostbyname=yes
ac_cv_lib_perfstat_perfstat_cpu=no
ac_cv_lib_pthread_pthread_mutex_init=yes
ac_cv_lib_rt_clock_gettime=yes
ac_cv_lib_sendfile_sendfile=no
ac_cv_lib_socket_socket=no
ac_cv_objext=o
ac_cv_path_EGREP='/usr/bin/grep -E'
ac_cv_path_FGREP='/usr/bin/grep -F'
ac_cv_path_GREP=/usr/bin/grep
ac_cv_path_SED=/usr/bin/sed
ac_cv_path_install='/usr/bin/install -c'
ac_cv_path_mkdir=/usr/bin/mkdir
ac_cv_prog_AWK=gawk
ac_cv_prog_CPP='gcc -E'
ac_cv_prog_PKG_CONFIG=yes
ac_cv_prog_ac_ct_AR=ar
ac_cv_prog_ac_ct_CC=gcc
ac_cv_prog_ac_ct_OBJDUMP=objdump
ac_cv_prog_ac_ct_RANLIB=ranlib
ac_cv_prog_ac_ct_STRIP=strip
ac_cv_prog_cc_c89=
ac_cv_prog_cc_g=yes
ac_cv_prog_cc_gcc_c_o=yes
ac_cv_prog_make_make_set=yes
ac_cv_sys_file_offset_bits=no
ac_cv_sys_largefile_CC=no
am_cv_CC_dependencies_compiler_type=gcc3
am_cv_ar_interface=ar
am_cv_make_support_nested_variables=yes
cc_cv_cflags__Wall=yes
cc_cv_cflags__Wextra=yes
cc_cv_cflags__Wno_unused_parameter=yes
cc_cv_cflags__fvisibility_hidden=yes
cc_cv_cflags__g=yes
cc_cv_cflags__pedantic=yes
cc_cv_cflags__std_gnu89=yes
lt_cv_ar_at_file=@
lt_cv_archive_cmds_need_lc=no
lt_cv_deplibs_check_method=pass_all
lt_cv_file_magic_cmd='$MAGIC_CMD'
lt_cv_file_magic_test_file=
lt_cv_ld_reload_flag=-r
lt_cv_nm_interface='BSD nm'
lt_cv_objdir=.libs
lt_cv_path_LD=/usr/bin/ld
lt_cv_path_NM='/usr/bin/nm -B'
lt_cv_path_mainfest_tool=no
lt_cv_prog_compiler_c_o=yes
lt_cv_prog_compiler_pic='-fPIC -DPIC'
lt_cv_prog_compiler_pic_works=yes
lt_cv_prog_compiler_rtti_exceptions=no
lt_cv_prog_compiler_static_works=yes
lt_cv_prog_gnu_ld=yes
lt_cv_sharedlib_from_linklib_cmd='printf %s\n'
lt_cv_shlibpath_overrides_runpath=no
lt_cv_sys_global_symbol_pipe='sed -n -e '\''s/^.*[	 ]\([ABCDGIRSTW][ABCDGIRSTW]*\)[	 ][	 ]*\([_A-Za-z][_A-Za-z0-9]*\)$/\1 \2 \2/p'\'' | sed '\''/ __gnu_lto/d'\'''
lt_cv_sys_global_symbol_to_c_name_address='sed -n -e '\''s/^: \([^ ]*\)[ ]*$/  {\"\1\", (void *) 0},/p'\'' -e '\''s/^[ABCDGIRSTW]* \([^ ]*\) \([^ ]*\)$/  {"\2", (void *) \&\2},/p'\'''
lt_cv_sys_global_symbol_to_c_name_address_lib_prefix='sed -n -e '\''s/^: \([^ ]*\)[ ]*$/  {\"\1\", (void *) 0},/p'\'' -e '\''s/^[ABCDGIRSTW]* \([^ ]*\) \(lib[^ ]*\)$/  {"\2", (void *) \&\2},/p'\'' -e '\''s/^[ABCDGIRSTW]* \([^ ]*\) \([^ ]*\)$/  {"lib\2", (void *) \&\2},/p'\'''
lt_cv_sys_global_symbol_to_cdecl='sed -n -e '\''s/^T .* \(.*\)$/extern int \1();/p'\'' -e '\''s/^[ABCDGIRSTW]* .* \(.*\)$/extern char \1;/p'\'''
lt_cv_sys_max_cmd_len=1572864
lt_cv_to_host_file_cmd=func_convert_file_noop
lt_cv_to_tool_file_cmd=func_convert_file_noop

## ----------------- ##
## Output variables. ##
## ----------------- ##

ACLOCAL='${SHELL} /home/sunjiwen/test_src/thrid_party/libuv/missing aclocal-1.13'
AIX_FALSE=''
AIX_TRUE='#'
AMDEPBACKSLASH='\'
AMDEP_FALSE='#'
AMDEP_TRUE=''
AMTAR='$${TAR-tar}'
AM_BACKSLASH='\'
AM_DEFAULT_V='$(AM_DEFAULT_VERBOSITY)'
AM_DEFAULT_VERBOSITY='0'
AM_V='$(V)'
ANDROID_FALSE=''
ANDROID_TRUE='#'
AR='ar'
AUTOCONF='${SHELL} /home/sunjiwen/test_src/thrid_party/libuv/missing autoconf'
AUTOHEADER='${SHELL} /home/sunjiwen/test_src/thrid_party/libuv/missing autoheader'
AUTOMAKE='${SHELL} /home/sunjiwen/test_src/thrid_party/libuv/missing automake-1.13'
AWK='gawk'
CC='gcc'
CCDEPMODE='depmode=gcc3'
CFLAGS='-g -O2 -fvisibility=hidden -g -std=gnu89 -pedantic -Wall -Wextra -Wno-unused-parameter'
CPP='gcc -E'
CPPFLAGS=''
CYGPATH_W='echo'
DARWIN_FALSE=''
DARWIN_TRUE='#'
DEFS='-DPACKAGE_NAME=\"libuv\" -DPACKAGE_TARNAME=\"libuv\" -DPACKAGE_VERSION=\"1.8.0\" -DPACKAGE_STRING=\"libuv\ 1.8.0\" -DPACKAGE_BUGREPORT=\"https://github.com/libuv/libuv/issues\" -DPACKAGE_URL=\"\" -DPACKAGE=\"libuv\" -DVERSION=\"1.8.0\" -DSTDC_HEADERS=1 -DHAVE_SYS_TYPES_H=1 -DHAVE_SYS_STAT_H=1 -DHAVE_STDLIB_H=1 -DHAVE_STRING_H=1 -DHAVE_MEMORY_H=1 -DHAVE_STRINGS_H=1 -DHAVE_INTTYPES_H=1 -DHAVE_STDINT_H=1 -DHAVE_UNISTD_H=1 -DHAVE_DLFCN_H=1 -DLT_OBJDIR=\".libs/\" -DHAVE_LIBDL=1 -DHAVE_LIBNSL=1 -DHAVE_LIBPTHREAD=1 -DHAVE_LIBRT=1'
DEPDIR='.deps'
DLLTOOL='false'
DRAGONFLY_FALSE=''
DRAGONFLY_TRUE='#'
DSYMUTIL=''
DUMPBIN=''
ECHO_C=''
ECHO_N='-n'
ECHO_T=''
EGREP='/usr/bin/grep -E'
EXEEXT=''
FGREP='/usr/bin/grep -F'
FREEBSD_FALSE=''
FREEBSD_TRUE='#'
GREP='/usr/bin/grep'
HAVE_PKG_CONFIG_FALSE='#'
HAVE_PKG_CONFIG_TRUE=''
INSTALL_DATA='${INSTALL} -m 644'
INSTALL_PROGRAM='${INSTALL}'
INSTALL_SCRIPT='${INSTALL}'
INSTALL_STRIP_PROGRAM='$(install_sh) -c -s'
LD='/usr/bin/ld -m elf_x86_64'
LDFLAGS=''
LIBOBJS=''
LIBS='-lrt -lpthread -lnsl -ldl '
LIBTOOL='$(SHELL) $(top_builddir)/libtool'
LINUX_FALSE='#'
LINUX_TRUE=''
LIPO=''
LN_S='ln -s'
LTLIBOBJS=''
MAKEINFO='${SHELL} /home/sunjiwen/test_src/thrid_party/libuv/missing makeinfo'
MANIFEST_TOOL=':'
MKDIR_P='/usr/bin/mkdir -p'
NETBSD_FALSE=''
NETBSD_TRUE='#'
NM='/usr/bin/nm -B'
NMEDIT=''
OBJDUMP='objdump'
OBJEXT='o'
OPENBSD_FALSE=''
OPENBSD_TRUE='#'
OTOOL64=''
OTOOL=''
PACKAGE='libuv'
PACKAGE_BUGREPORT='https://github.com/libuv/libuv/issues'
PACKAGE_NAME='libuv'
PACKAGE_STRING='libuv 1.8.0'
PACKAGE_TARNAME='libuv'
PACKAGE_URL=''
PACKAGE_VERSION='1.8.0'
PATH_SEPARATOR=':'
PKG_CONFIG='yes'
RANLIB='ranlib'
SED='/usr/bin/sed'
SET_MAKE=''
SHELL='/bin/sh'
STRIP='strip'
SUNOS_FALSE=''
SUNOS_TRUE='#'
VERSION='1.8.0'
WINNT_FALSE=''
WINNT_TRUE='#'
ac_ct_AR='ar'
ac_ct_CC='gcc'
ac_ct_DUMPBIN=''
am__EXEEXT_FALSE=''
am__EXEEXT_TRUE='#'
am__fastdepCC_FALSE='#'
am__fastdepCC_TRUE=''
am__include='include'
am__isrc=''
am__leading_dot='.'
am__nodep='_no'
am__quote=''
am__tar='$${TAR-tar} chof - "$$tardir"'
am__untar='$${TAR-tar} xf -'
bindir='${exec_prefix}/bin'
build='x86_64-unknown-linux-gnu'
build_alias=''
build_cpu='x86_64'
build_os='linux-gnu'
build_vendor='unknown'
datadir='${datarootdir}'
datarootdir='${prefix}/share'
docdir='${datarootdir}/doc/${PACKAGE_TARNAME}'
dvidir='${docdir}'
exec_prefix='${prefix}'
host='x86_64-unknown-linux-gnu'
host_alias=''
host_cpu='x86_64'
host_os='linux-gnu'
host_vendor='unknown'
htmldir='${docdir}'
includedir='${prefix}/include'
infodir='${datarootdir}/info'
install_sh='${SHELL} /home/sunjiwen/test_src/thrid_party/libuv/install-sh'
libdir='${exec_prefix}/lib'
libexecdir='${exec_prefix}/libexec'
localedir='${datarootdir}/locale'
localstatedir='${prefix}/var'
mandir='${datarootdir}/man'
mkdir_p='$(MKDIR_P)'
oldincludedir='/usr/include'
pdfdir='${docdir}'
prefix='/usr/local'
program_transform_name='s,x,x,'
psdir='${docdir}'
sbindir='${exec_prefix}/sbin'
sharedstatedir='${prefix}/com'
sysconfdir='${prefix}/etc'
target_alias=''

## ----------- ##
## confdefs.h. ##
## ----------- ##

/* confdefs.h */
#define PACKAGE_NAME "libuv"
#define PACKAGE_TARNAME "libuv"
#define PACKAGE_VERSION "1.8.0"
#define PACKAGE_STRING "libuv 1.8.0"
#define PACKAGE_BUGREPORT "https://github.com/libuv/libuv/issues"
#define PACKAGE_URL ""
#define PACKAGE "libuv"
#define VERSION "1.8.0"
#define STDC_HEADERS 1
#define HAVE_SYS_TYPES_H 1
#define HAVE_SYS_STAT_H 1
#define HAVE_STDLIB_H 1
#define HAVE_STRING_H 1
#define HAVE_MEMORY_H 1
#define HAVE_STRINGS_H 1
#define HAVE_INTTYPES_H 1
#define HAVE_STDINT_H 1
#define HAVE_UNISTD_H 1
#define HAVE_DLFCN_H 1
#define LT_OBJDIR ".libs/"
#define HAVE_LIBDL 1
#define HAVE_LIBNSL 1
#define HAVE_LIBPTHREAD 1
#define HAVE_LIBRT 1

configure: exit 0
